Traceback (most recent call last):
  File "/Users/ralfkellner/Documents/Kurse/SCDP/.venv/lib/python3.13/site-packages/jupyter_cache/executors/utils.py", line 58, in single_nb_execution
    executenb(
    ~~~~~~~~~^
        nb,
        ^^^
    ...<4 lines>...
        **kwargs,
        ^^^^^^^^^
    )
    ^
  File "/Users/ralfkellner/Documents/Kurse/SCDP/.venv/lib/python3.13/site-packages/nbclient/client.py", line 1319, in execute
    return NotebookClient(nb=nb, resources=resources, km=km, **kwargs).execute()
           ~~~~~~~~~~~~~~~~~~~~~~~~~~~~~~~~~~~~~~~~~~~~~~~~~~~~~~~~~~~~~~~~~~~^^
  File "/Users/ralfkellner/Documents/Kurse/SCDP/.venv/lib/python3.13/site-packages/jupyter_core/utils/__init__.py", line 165, in wrapped
    return loop.run_until_complete(inner)
           ~~~~~~~~~~~~~~~~~~~~~~~^^^^^^^
  File "/opt/homebrew/Cellar/python@3.13/3.13.1/Frameworks/Python.framework/Versions/3.13/lib/python3.13/asyncio/base_events.py", line 720, in run_until_complete
    return future.result()
           ~~~~~~~~~~~~~^^
  File "/Users/ralfkellner/Documents/Kurse/SCDP/.venv/lib/python3.13/site-packages/nbclient/client.py", line 709, in async_execute
    await self.async_execute_cell(
        cell, index, execution_count=self.code_cells_executed + 1
    )
  File "/Users/ralfkellner/Documents/Kurse/SCDP/.venv/lib/python3.13/site-packages/nbclient/client.py", line 1062, in async_execute_cell
    await self._check_raise_for_error(cell, cell_index, exec_reply)
  File "/Users/ralfkellner/Documents/Kurse/SCDP/.venv/lib/python3.13/site-packages/nbclient/client.py", line 918, in _check_raise_for_error
    raise CellExecutionError.from_cell_and_msg(cell, exec_reply_content)
nbclient.exceptions.CellExecutionError: An error occurred while executing the following cell:
------------------
start_day = date.today() - timedelta(10)
ticker.history(start = start_day)
------------------


[31m---------------------------------------------------------------------------[39m
[31mYFRateLimitError[39m                          Traceback (most recent call last)
[36mCell[39m[36m [39m[32mIn[3][39m[32m, line 2[39m
[32m      1[39m start_day = date.today() - timedelta([32m10[39m)
[32m----> [39m[32m2[39m [43mticker[49m[43m.[49m[43mhistory[49m[43m([49m[43mstart[49m[43m [49m[43m=[49m[43m [49m[43mstart_day[49m[43m)[49m

[36mFile [39m[32m~/Documents/Kurse/SCDP/.venv/lib/python3.13/site-packages/yfinance/utils.py:104[39m, in [36mlog_indent_decorator.<locals>.wrapper[39m[34m(*args, **kwargs)[39m
[32m    101[39m logger.debug([33mf[39m[33m'[39m[33mEntering [39m[38;5;132;01m{[39;00mfunc.[34m__name__[39m[38;5;132;01m}[39;00m[33m()[39m[33m'[39m)
[32m    103[39m [38;5;28;01mwith[39;00m IndentationContext():
[32m--> [39m[32m104[39m     result = [43mfunc[49m[43m([49m[43m*[49m[43margs[49m[43m,[49m[43m [49m[43m*[49m[43m*[49m[43mkwargs[49m[43m)[49m
[32m    106[39m logger.debug([33mf[39m[33m'[39m[33mExiting [39m[38;5;132;01m{[39;00mfunc.[34m__name__[39m[38;5;132;01m}[39;00m[33m()[39m[33m'[39m)
[32m    107[39m [38;5;28;01mreturn[39;00m result

[36mFile [39m[32m~/Documents/Kurse/SCDP/.venv/lib/python3.13/site-packages/yfinance/base.py:82[39m, in [36mTickerBase.history[39m[34m(self, *args, **kwargs)[39m
[32m     80[39m [38;5;129m@utils[39m.log_indent_decorator
[32m     81[39m [38;5;28;01mdef[39;00m[38;5;250m [39m[34mhistory[39m([38;5;28mself[39m, *args, **kwargs) -> pd.DataFrame:
[32m---> [39m[32m82[39m     [38;5;28;01mreturn[39;00m [38;5;28;43mself[39;49m[43m.[49m[43m_lazy_load_price_history[49m[43m([49m[43m)[49m[43m.[49m[43mhistory[49m[43m([49m[43m*[49m[43margs[49m[43m,[49m[43m [49m[43m*[49m[43m*[49m[43mkwargs[49m[43m)[49m

[36mFile [39m[32m~/Documents/Kurse/SCDP/.venv/lib/python3.13/site-packages/yfinance/utils.py:104[39m, in [36mlog_indent_decorator.<locals>.wrapper[39m[34m(*args, **kwargs)[39m
[32m    101[39m logger.debug([33mf[39m[33m'[39m[33mEntering [39m[38;5;132;01m{[39;00mfunc.[34m__name__[39m[38;5;132;01m}[39;00m[33m()[39m[33m'[39m)
[32m    103[39m [38;5;28;01mwith[39;00m IndentationContext():
[32m--> [39m[32m104[39m     result = [43mfunc[49m[43m([49m[43m*[49m[43margs[49m[43m,[49m[43m [49m[43m*[49m[43m*[49m[43mkwargs[49m[43m)[49m
[32m    106[39m logger.debug([33mf[39m[33m'[39m[33mExiting [39m[38;5;132;01m{[39;00mfunc.[34m__name__[39m[38;5;132;01m}[39;00m[33m()[39m[33m'[39m)
[32m    107[39m [38;5;28;01mreturn[39;00m result

[36mFile [39m[32m~/Documents/Kurse/SCDP/.venv/lib/python3.13/site-packages/yfinance/scrapers/history.py:175[39m, in [36mPriceHistory.history[39m[34m(self, period, interval, start, end, prepost, actions, auto_adjust, back_adjust, repair, keepna, proxy, rounding, timeout, raise_errors)[39m
[32m    173[39m         get_fn = [38;5;28mself[39m._data.cache_get
[32m    174[39m [38;5;28;01mtry[39;00m:
[32m--> [39m[32m175[39m     data = [43mget_fn[49m[43m([49m
[32m    176[39m [43m        [49m[43murl[49m[43m=[49m[43murl[49m[43m,[49m
[32m    177[39m [43m        [49m[43mparams[49m[43m=[49m[43mparams[49m[43m,[49m
[32m    178[39m [43m        [49m[43mproxy[49m[43m=[49m[43mproxy[49m[43m,[49m
[32m    179[39m [43m        [49m[43mtimeout[49m[43m=[49m[43mtimeout[49m
[32m    180[39m [43m    [49m[43m)[49m
[32m    181[39m     [38;5;28;01mif[39;00m [33m"[39m[33mWill be right back[39m[33m"[39m [38;5;129;01min[39;00m data.text [38;5;129;01mor[39;00m data [38;5;129;01mis[39;00m [38;5;28;01mNone[39;00m:
[32m    182[39m         [38;5;28;01mraise[39;00m [38;5;167;01mRuntimeError[39;00m([33m"[39m[33m*** YAHOO! FINANCE IS CURRENTLY DOWN! ***[39m[38;5;130;01m\n[39;00m[33m"[39m
[32m    183[39m                            [33m"[39m[33mOur engineers are working quickly to resolve [39m[33m"[39m
[32m    184[39m                            [33m"[39m[33mthe issue. Thank you for your patience.[39m[33m"[39m)

[36mFile [39m[32m~/Documents/Kurse/SCDP/.venv/lib/python3.13/site-packages/yfinance/utils.py:104[39m, in [36mlog_indent_decorator.<locals>.wrapper[39m[34m(*args, **kwargs)[39m
[32m    101[39m logger.debug([33mf[39m[33m'[39m[33mEntering [39m[38;5;132;01m{[39;00mfunc.[34m__name__[39m[38;5;132;01m}[39;00m[33m()[39m[33m'[39m)
[32m    103[39m [38;5;28;01mwith[39;00m IndentationContext():
[32m--> [39m[32m104[39m     result = [43mfunc[49m[43m([49m[43m*[49m[43margs[49m[43m,[49m[43m [49m[43m*[49m[43m*[49m[43mkwargs[49m[43m)[49m
[32m    106[39m logger.debug([33mf[39m[33m'[39m[33mExiting [39m[38;5;132;01m{[39;00mfunc.[34m__name__[39m[38;5;132;01m}[39;00m[33m()[39m[33m'[39m)
[32m    107[39m [38;5;28;01mreturn[39;00m result

[36mFile [39m[32m~/Documents/Kurse/SCDP/.venv/lib/python3.13/site-packages/yfinance/data.py:349[39m, in [36mYfData.get[39m[34m(self, url, user_agent_headers, params, proxy, timeout)[39m
[32m    347[39m [38;5;129m@utils[39m.log_indent_decorator
[32m    348[39m [38;5;28;01mdef[39;00m[38;5;250m [39m[34mget[39m([38;5;28mself[39m, url, user_agent_headers=[38;5;28;01mNone[39;00m, params=[38;5;28;01mNone[39;00m, proxy=[38;5;28;01mNone[39;00m, timeout=[32m30[39m):
[32m--> [39m[32m349[39m     [38;5;28;01mreturn[39;00m [38;5;28;43mself[39;49m[43m.[49m[43m_make_request[49m[43m([49m[43murl[49m[43m,[49m[43m [49m[43mrequest_method[49m[43m [49m[43m=[49m[43m [49m[38;5;28;43mself[39;49m[43m.[49m[43m_session[49m[43m.[49m[43mget[49m[43m,[49m[43m [49m[43muser_agent_headers[49m[43m=[49m[43muser_agent_headers[49m[43m,[49m[43m [49m[43mparams[49m[43m=[49m[43mparams[49m[43m,[49m[43m [49m[43mproxy[49m[43m=[49m[43mproxy[49m[43m,[49m[43m [49m[43mtimeout[49m[43m=[49m[43mtimeout[49m[43m)[49m

[36mFile [39m[32m~/Documents/Kurse/SCDP/.venv/lib/python3.13/site-packages/yfinance/utils.py:104[39m, in [36mlog_indent_decorator.<locals>.wrapper[39m[34m(*args, **kwargs)[39m
[32m    101[39m logger.debug([33mf[39m[33m'[39m[33mEntering [39m[38;5;132;01m{[39;00mfunc.[34m__name__[39m[38;5;132;01m}[39;00m[33m()[39m[33m'[39m)
[32m    103[39m [38;5;28;01mwith[39;00m IndentationContext():
[32m--> [39m[32m104[39m     result = [43mfunc[49m[43m([49m[43m*[49m[43margs[49m[43m,[49m[43m [49m[43m*[49m[43m*[49m[43mkwargs[49m[43m)[49m
[32m    106[39m logger.debug([33mf[39m[33m'[39m[33mExiting [39m[38;5;132;01m{[39;00mfunc.[34m__name__[39m[38;5;132;01m}[39;00m[33m()[39m[33m'[39m)
[32m    107[39m [38;5;28;01mreturn[39;00m result

[36mFile [39m[32m~/Documents/Kurse/SCDP/.venv/lib/python3.13/site-packages/yfinance/data.py:411[39m, in [36mYfData._make_request[39m[34m(self, url, request_method, user_agent_headers, body, params, proxy, timeout)[39m
[32m    409[39m     [38;5;66;03m# Raise exception if rate limited[39;00m
[32m    410[39m     [38;5;28;01mif[39;00m response.status_code == [32m429[39m:
[32m--> [39m[32m411[39m         [38;5;28;01mraise[39;00m YFRateLimitError()
[32m    413[39m [38;5;28;01mreturn[39;00m response

[31mYFRateLimitError[39m: Too Many Requests. Rate limited. Try after a while.

